mode: set
pprof-actions-go/internal/utils/functions/function.go:11.43,14.2 2 1
pprof-actions-go/main.go:19.75,22.61 2 0
pprof-actions-go/main.go:27.2,27.52 1 0
pprof-actions-go/main.go:32.2,41.33 7 0
pprof-actions-go/main.go:22.61,25.3 2 0
pprof-actions-go/main.go:27.52,30.3 2 0
pprof-actions-go/main.go:44.13,53.2 5 0
pprof-actions-go/internal/response/response.go:24.46,34.2 1 1
pprof-actions-go/internal/request/request.go:33.50,35.16 2 1
pprof-actions-go/internal/request/request.go:40.2,40.12 1 1
pprof-actions-go/internal/request/request.go:35.16,36.56 1 1
pprof-actions-go/internal/request/request.go:36.56,38.4 1 1
pprof-actions-go/internal/logic/data.go:19.51,24.2 1 1
pprof-actions-go/internal/logic/data.go:27.29,32.2 4 0
pprof-actions-go/internal/logic/data.go:35.30,40.2 4 0
pprof-actions-go/internal/logic/delinquency.go:18.30,20.2 1 1
pprof-actions-go/internal/logic/delinquency.go:23.52,24.46 1 1
pprof-actions-go/internal/logic/delinquency.go:24.46,25.81 1 1
pprof-actions-go/internal/logic/delinquency.go:25.81,27.4 1 1
pprof-actions-go/internal/logic/delinquency.go:27.9,29.4 1 1
pprof-actions-go/internal/logic/delinquency.go:34.52,35.46 1 1
pprof-actions-go/internal/logic/delinquency.go:35.46,36.85 1 1
pprof-actions-go/internal/logic/delinquency.go:36.85,38.4 1 1
pprof-actions-go/internal/logic/delinquency.go:43.60,44.46 1 1
pprof-actions-go/internal/logic/delinquency.go:44.46,49.3 1 1
pprof-actions-go/internal/logic/delinquency.go:53.55,54.54 1 1
pprof-actions-go/internal/logic/delinquency.go:54.54,55.17 1 1
pprof-actions-go/internal/logic/delinquency.go:55.17,58.4 1 1
pprof-actions-go/internal/logic/result.go:18.47,19.56 1 1
pprof-actions-go/internal/logic/result.go:19.56,20.11 1 1
pprof-actions-go/internal/logic/result.go:20.11,22.4 1 1
pprof-actions-go/internal/logic/result.go:22.9,24.4 1 1
pprof-actions-go/internal/logic/result.go:29.47,30.56 1 1
pprof-actions-go/internal/logic/result.go:30.56,31.11 1 1
pprof-actions-go/internal/logic/result.go:31.11,33.4 1 1
pprof-actions-go/internal/logic/result.go:33.9,35.4 1 1
pprof-actions-go/internal/logic/result.go:41.55,42.65 1 1
pprof-actions-go/internal/logic/result.go:42.65,44.3 1 1
pprof-actions-go/internal/logic/result.go:48.55,49.54 1 1
pprof-actions-go/internal/logic/result.go:49.54,51.3 1 1
